<?xml version="1.0" encoding="UTF-8"?>
<!-- Generated by org.testng.reporters.JUnitXMLReporter -->
<testsuite ignored="1" hostname="swathi_salonkar" failures="1" tests="2" name="Test" time="19.979" errors="0" timestamp="2025-11-12T14:23:29 IST">
  <testcase classname="testCases.TC001_AccountRegistrationTest" name="verify_account_registration" time="2.164"/>
  <testcase classname="testCases.TC002_LoginTest" name="validateLogin" time="11.298">
    <failure type="java.lang.AssertionError" message="Test Failed expected [true] but found [false]">
      <![CDATA[java.lang.AssertionError: Test Failed expected [true] but found [false]
at testCases.TC002_LoginTest.validateLogin(TC002_LoginTest.java:34)
at java.base/java.util.ArrayList.forEach(ArrayList.java:1604)
... Removed 31 stack frames]]>
    </failure>
  </testcase> <!-- validateLogin -->
  <testcase classname="testCases.TC003_LoginDataDrivenTest" name="veryfy_loginDDT" time="0.0">
    <ignored/>
  </testcase> <!-- veryfy_loginDDT -->
</testsuite> <!-- Test -->
